<?xml version="1.0" encoding="UTF-8"?>
<!-- Generated by org.testng.reporters.JUnitReportReporter -->
<testsuite hostname="Sasi" failures="0" tests="1" name="com.test.testcases.DemoLogin" time="21.542" errors="0" timestamp="2023-01-03T08:45:32 IST" skipped="0">
  <testcase classname="com.test.testcases.DemoLogin" name="testLogin" time="21.542"/>
  <system-out/>
</testsuite> <!-- com.test.testcases.DemoLogin -->
