<?xml version="1.0" encoding="UTF-8"?>
<!-- Generated by org.testng.reporters.JUnitReportReporter -->
<testsuite hostname="Sasi" failures="0" tests="7" name="com.test.testcases.FB" time="60.807" errors="0" timestamp="2023-01-06T08:04:49 IST" skipped="1">
  <testcase classname="com.test.testcases.FB" name="testCreateAccountsXLSDATA" time="10.011"/>
  <system-out/>
  <testcase classname="com.test.testcases.FB" name="testCreateAccountsXLSDATA" time="10.094"/>
  <system-out/>
  <testcase classname="com.test.testcases.FB" name="testCreateAccountsXLSDATA" time="10.088"/>
  <system-out/>
  <testcase classname="com.test.testcases.FB" name="testCreateAccountsXLSDATA" time="10.094"/>
  <system-out/>
  <testcase classname="com.test.testcases.FB" name="testCreateAccountsXLSDATA" time="10.044"/>
  <system-out/>
  <testcase classname="com.test.testcases.FB" name="testCreateAccountsXLSDATA" time="10.476"/>
  <system-out/>
  <testcase classname="com.test.testcases.FB" name="testCreateAccount">
    <skipped/>
  </testcase> <!-- testCreateAccount -->
  <system-out/>
</testsuite> <!-- com.test.testcases.FB -->
